2020/02/10 10:59:07 FAIL: SIF Spec, No attributes for obj: [Evaluation]
/home/qing/go/src/github.com/nsip/n3-sif2json/2XML/json2xml.go:152
github.com/nsip/n3-sif2json/2XML.SortSimpleObject

2020/02/10 11:00:59 FAIL: SIF Spec, No attributes for obj: [Evaluation]
/home/qing/go/src/github.com/nsip/n3-sif2json/2XML/json2xml.go:152
github.com/nsip/n3-sif2json/2XML.SortSimpleObject

2020/02/10 11:01:53 FAIL: SIF Spec, No attributes for obj: [Evaluation]
/home/qing/go/src/github.com/nsip/n3-sif2json/2XML/json2xml.go:152
github.com/nsip/n3-sif2json/2XML.SortSimpleObject

2020/02/10 11:04:20 FAIL: SIF Spec, No attributes for obj: [Name]
/home/qing/go/src/github.com/nsip/n3-sif2json/2XML/json2xml.go:152
github.com/nsip/n3-sif2json/2XML.SortSimpleObject

2020/02/10 11:20:11 FAIL: SIF Spec, No attributes for obj: [Name]
/home/qing/go/src/github.com/nsip/n3-sif2json/2XML/json2xml.go:152
github.com/nsip/n3-sif2json/2XML.SortSimpleObject

2020/02/10 11:32:11 FAIL: SIF Spec, No attributes for obj: [Name]
/home/qing/go/src/github.com/nsip/n3-sif2json/2XML/json2xml.go:152
github.com/nsip/n3-sif2json/2XML.SortSimpleObject

2020/02/10 13:46:14 FAIL: not implemented
/home/qing/go/src/github.com/nsip/n3-sif2json/2XML/json2xml.go:38
github.com/nsip/n3-sif2json/2XML.NextAttr

2020/02/10 13:46:36 FAIL: not implemented
/home/qing/go/src/github.com/nsip/n3-sif2json/2XML/json2xml.go:38
github.com/nsip/n3-sif2json/2XML.NextAttr

2020/02/10 13:52:02 FAIL: not implemented
/home/qing/go/src/github.com/nsip/n3-sif2json/2XML/json2xml.go:40
github.com/nsip/n3-sif2json/2XML.NextAttr

2020/02/10 13:52:54 FAIL: not implemented
/home/qing/go/src/github.com/nsip/n3-sif2json/2XML/json2xml.go:40
github.com/nsip/n3-sif2json/2XML.NextAttr

2020/02/10 13:54:29 FAIL: not implemented
/home/qing/go/src/github.com/nsip/n3-sif2json/2XML/json2xml.go:39
github.com/nsip/n3-sif2json/2XML.NextAttr

2020/02/10 13:54:57 FAIL: not implemented
/home/qing/go/src/github.com/nsip/n3-sif2json/2XML/json2xml.go:39
github.com/nsip/n3-sif2json/2XML.NextAttr

2020/02/10 14:48:44 FAIL: /
/home/qing/go/src/github.com/nsip/n3-sif2json/2XML/json2xml.go:35
github.com/nsip/n3-sif2json/2XML.NextAttr

2020/02/10 14:50:38 FAIL: /
/home/qing/go/src/github.com/nsip/n3-sif2json/2XML/json2xml.go:35
github.com/nsip/n3-sif2json/2XML.NextAttr

